[0m12:30:16.775919 [debug] [MainThread]: Sending event: {'category': 'dbt', 'action': 'invocation', 'label': 'start', 'context': [<snowplow_tracker.self_describing_json.SelfDescribingJson object at 0x7f5a2c7b5cd0>, <snowplow_tracker.self_describing_json.SelfDescribingJson object at 0x7f5a2c7b5be0>, <snowplow_tracker.self_describing_json.SelfDescribingJson object at 0x7f5a2d732300>]}


============================== 12:30:16.781458 | 339f0aff-bcf1-46c2-9d4e-dbcbbf33e50e ==============================
[0m12:30:16.781458 [info ] [MainThread]: Running with dbt=1.8.7
[0m12:30:16.782569 [debug] [MainThread]: running dbt with arguments {'printer_width': '80', 'indirect_selection': 'eager', 'log_cache_events': 'False', 'write_json': 'True', 'partial_parse': 'True', 'cache_selected_only': 'False', 'profiles_dir': '/home/gitpod/.dbt', 'version_check': 'True', 'warn_error': 'None', 'log_path': 'logs', 'fail_fast': 'False', 'debug': 'False', 'use_colors': 'True', 'use_experimental_parser': 'False', 'empty': 'None', 'quiet': 'False', 'no_print': 'None', 'warn_error_options': 'WarnErrorOptions(include=[], exclude=[])', 'introspect': 'True', 'static_parser': 'True', 'log_format': 'default', 'target_path': 'None', 'invocation_command': 'dbt init', 'send_anonymous_usage_stats': 'True'}
[0m12:30:16.795492 [warn ] [MainThread]: [ConfigFolderDirectory]: Unable to parse dict {'dir': PosixPath('/home/gitpod/.dbt')}
[0m12:30:16.796366 [info ] [MainThread]: Creating dbt configuration folder at 
[0m12:30:31.225454 [debug] [MainThread]: Starter project path: /workspace/CDE_fufu_model_dbt/dbt_assignment/lib/python3.12/site-packages/dbt/include/starter_project
[0m12:30:31.237623 [info ] [MainThread]: 
Your new dbt project "modelling_assignment" was created!

For more information on how to configure the profiles.yml file,
please consult the dbt documentation here:

  https://docs.getdbt.com/docs/configure-your-profile

One more thing:

Need help? Don't hesitate to reach out to us via GitHub issues or on Slack:

  https://community.getdbt.com/

Happy modeling!

[0m12:30:31.240754 [info ] [MainThread]: Setting up your profile.
[0m12:32:07.122393 [info ] [MainThread]: Profile modelling_assignment written to /home/gitpod/.dbt/profiles.yml using target's profile_template.yml and your supplied values. Run 'dbt debug' to validate the connection.
[0m12:32:07.125542 [debug] [MainThread]: Resource report: {"command_name": "init", "command_success": true, "command_wall_clock_time": 110.461716, "process_user_time": 2.88237, "process_kernel_time": 0.329228, "process_mem_max_rss": "110092", "process_in_blocks": "3584", "process_out_blocks": "88"}
[0m12:32:07.127006 [debug] [MainThread]: Command `dbt init` succeeded at 12:32:07.126742 after 110.46 seconds
[0m12:32:07.127888 [debug] [MainThread]: Sending event: {'category': 'dbt', 'action': 'invocation', 'label': 'end', 'context': [<snowplow_tracker.self_describing_json.SelfDescribingJson object at 0x7f5a2d5eee10>, <snowplow_tracker.self_describing_json.SelfDescribingJson object at 0x7f5a2c96e330>, <snowplow_tracker.self_describing_json.SelfDescribingJson object at 0x7f5a2d80bb00>]}
[0m12:32:07.128714 [debug] [MainThread]: Flushing usage events
